2025-07-15 00:12:37,556 - INFO - Application started
2025-07-15 00:15:25,150 - INFO - Application interrupted by user (Ctrl+C)
2025-07-15 00:15:25,150 - INFO - User chose to quit application
2025-07-15 00:15:25,150 - INFO - Application shutting down
2025-07-15 00:15:29,616 - INFO - Application started
2025-07-15 00:15:42,585 - INFO - Valid menu choice selected: GENERATE_WEEKLY_GOALS
2025-07-15 00:15:42,586 - INFO - User selected: Generate Weekly Goals
2025-07-15 00:15:51,576 - INFO - User chose to quit application
2025-07-15 00:15:51,581 - INFO - Application shutting down
2025-07-15 00:17:33,091 - INFO - Application started
2025-07-15 00:17:36,126 - INFO - Valid menu choice selected: COMPARE
2025-07-15 00:17:36,126 - INFO - User selected: Compare feature
2025-07-15 00:23:10,477 - INFO - Valid menu choice selected: GENERATE_WEEKLY_GOALS
2025-07-15 00:23:10,477 - INFO - User selected: Generate Weekly Goals
2025-07-15 00:25:31,520 - INFO - Application interrupted by user (Ctrl+C)
2025-07-15 00:25:31,520 - INFO - User chose to quit application
2025-07-15 00:25:31,524 - INFO - Application shutting down
2025-07-15 00:25:33,674 - INFO - Application started
2025-07-15 00:29:50,828 - INFO - Valid menu choice selected: GENERATE_WEEKLY_GOALS
2025-07-15 00:29:50,834 - INFO - User selected: Generate Weekly Goals
2025-07-15 00:39:57,997 - INFO - Valid menu choice selected: QUIT
2025-07-15 00:39:57,997 - INFO - User chose to quit application
2025-07-15 00:39:58,013 - INFO - Application shutting down
2025-07-15 00:40:01,328 - INFO - Application started
2025-07-15 00:41:02,271 - INFO - Valid menu choice selected: COMPARE
2025-07-15 00:41:02,271 - INFO - User selected: Compare feature
2025-07-15 00:44:48,508 - INFO - Valid menu choice selected: GENERATE_WEEKLY_GOALS
2025-07-15 00:44:48,510 - INFO - User selected: Generate Weekly Goals
2025-07-15 00:47:42,206 - INFO - Application interrupted by user (Ctrl+C)
2025-07-15 00:47:42,206 - INFO - User chose to quit application
2025-07-15 00:47:42,206 - INFO - Application shutting down
2025-07-15 00:47:43,498 - INFO - Application started
2025-07-15 00:53:47,158 - INFO - Application interrupted by user (Ctrl+C)
2025-07-15 00:53:47,160 - INFO - User chose to quit application
2025-07-15 00:53:47,160 - INFO - Application shutting down
2025-07-15 00:53:51,340 - INFO - Application started
2025-07-15 00:53:55,364 - INFO - Valid menu choice selected: GENERATE_WEEKLY_GOALS
2025-07-15 00:53:55,364 - INFO - User selected: Generate Weekly Goals
2025-07-15 00:57:39,047 - INFO - Application interrupted by user (Ctrl+C)
2025-07-15 00:57:39,063 - INFO - User chose to quit application
2025-07-15 00:57:39,063 - INFO - Application shutting down
2025-07-15 00:57:40,273 - INFO - Application started
2025-07-15 00:57:41,788 - INFO - Valid menu choice selected: GENERATE_WEEKLY_GOALS
2025-07-15 00:57:41,788 - INFO - User selected: Generate Weekly Goals
2025-07-15 00:59:20,499 - INFO - Valid menu choice selected: GENERATE_WEEKLY_GOALS
2025-07-15 00:59:20,499 - INFO - User selected: Generate Weekly Goals
2025-07-15 01:05:24,609 - INFO - Application interrupted by user (Ctrl+C)
2025-07-15 01:05:24,609 - INFO - User chose to quit application
2025-07-15 01:05:24,609 - INFO - Application shutting down
2025-07-15 01:05:25,574 - INFO - Application started
2025-07-15 01:05:27,277 - INFO - Valid menu choice selected: GENERATE_WEEKLY_GOALS
2025-07-15 01:05:27,277 - INFO - User selected: Generate Weekly Goals
2025-07-15 01:05:46,003 - INFO - Valid menu choice selected: GENERATE_WEEKLY_GOALS
2025-07-15 01:05:46,003 - INFO - User selected: Generate Weekly Goals
2025-07-15 01:26:07,880 - INFO - User chose to quit application
2025-07-15 01:26:07,880 - INFO - Application shutting down
2025-07-15 01:27:08,018 - INFO - Application started
2025-07-15 01:27:09,305 - INFO - Valid menu choice selected: GENERATE_WEEKLY_GOALS
2025-07-15 01:27:09,305 - INFO - User selected: Generate Weekly Goals
2025-07-15 01:27:11,357 - ERROR - Error executing selected function: 'week'
2025-07-15 01:27:22,344 - INFO - Valid menu choice selected: GENERATE_WEEKLY_GOALS
2025-07-15 01:27:22,344 - INFO - User selected: Generate Weekly Goals
2025-07-15 01:27:24,374 - ERROR - Error executing selected function: 'week'
2025-07-15 01:27:55,175 - INFO - Valid menu choice selected: GENERATE_WEEKLY_GOALS
2025-07-15 01:27:55,175 - INFO - User selected: Generate Weekly Goals
2025-07-15 01:27:57,209 - ERROR - Error executing selected function: 'week'
2025-07-15 01:27:59,812 - INFO - Application interrupted by user (Ctrl+C)
2025-07-15 01:27:59,812 - INFO - User chose to quit application
2025-07-15 01:27:59,812 - INFO - Application shutting down
2025-07-15 01:28:01,681 - INFO - Application started
2025-07-15 01:28:02,399 - INFO - Valid menu choice selected: GENERATE_WEEKLY_GOALS
2025-07-15 01:28:02,399 - INFO - User selected: Generate Weekly Goals
2025-07-15 01:28:04,461 - ERROR - Error executing selected function: 'week'
2025-07-15 01:29:07,467 - INFO - Application interrupted by user (Ctrl+C)
2025-07-15 01:29:07,467 - INFO - User chose to quit application
2025-07-15 01:29:07,467 - INFO - Application shutting down
2025-07-15 01:29:08,528 - INFO - Application started
2025-07-15 01:29:09,417 - INFO - Valid menu choice selected: GENERATE_WEEKLY_GOALS
2025-07-15 01:29:09,417 - INFO - User selected: Generate Weekly Goals
2025-07-15 01:34:25,689 - INFO - User chose to quit application
2025-07-15 01:34:25,701 - INFO - Application shutting down
2025-07-15 01:34:27,623 - INFO - Application started
2025-07-15 01:34:29,258 - INFO - Valid menu choice selected: GENERATE_WEEKLY_GOALS
2025-07-15 01:34:29,258 - INFO - User selected: Generate Weekly Goals
2025-07-15 01:57:07,161 - INFO - Valid menu choice selected: GENERATE_WEEKLY_GOALS
2025-07-15 01:57:07,171 - INFO - User selected: Generate Weekly Goals
2025-07-15 01:59:37,014 - INFO - User chose to quit application
2025-07-15 01:59:37,014 - INFO - Application shutting down
2025-07-15 02:00:04,027 - INFO - Application started
2025-07-15 02:00:05,050 - INFO - Valid menu choice selected: GENERATE_WEEKLY_GOALS
2025-07-15 02:00:05,050 - INFO - User selected: Generate Weekly Goals
2025-07-15 02:00:07,104 - ERROR - Error executing selected function: Can only use .dt accessor with datetimelike values
2025-07-15 02:00:39,128 - INFO - Application interrupted by user (Ctrl+C)
2025-07-15 02:00:39,128 - INFO - User chose to quit application
2025-07-15 02:00:39,128 - INFO - Application shutting down
2025-07-15 02:00:40,864 - INFO - Application started
2025-07-15 02:00:41,491 - INFO - Valid menu choice selected: GENERATE_WEEKLY_GOALS
2025-07-15 02:00:41,491 - INFO - User selected: Generate Weekly Goals
2025-07-15 02:00:43,552 - ERROR - Error executing selected function: Can only use .dt accessor with datetimelike values
2025-07-15 02:01:16,795 - INFO - Application interrupted by user (Ctrl+C)
2025-07-15 02:01:16,795 - INFO - User chose to quit application
2025-07-15 02:01:16,798 - INFO - Application shutting down
2025-07-15 02:01:18,088 - INFO - Application started
2025-07-15 02:01:18,830 - INFO - Valid menu choice selected: GENERATE_WEEKLY_GOALS
2025-07-15 02:01:18,830 - INFO - User selected: Generate Weekly Goals
2025-07-15 02:01:20,872 - ERROR - Error executing selected function: Can only use .dt accessor with datetimelike values
2025-07-15 02:05:48,587 - INFO - Application interrupted by user (Ctrl+C)
2025-07-15 02:05:48,587 - INFO - User chose to quit application
2025-07-15 02:05:48,592 - INFO - Application shutting down
2025-07-15 02:05:50,233 - INFO - Application started
2025-07-15 02:05:51,353 - INFO - Valid menu choice selected: GENERATE_WEEKLY_GOALS
2025-07-15 02:05:51,353 - INFO - User selected: Generate Weekly Goals
2025-07-15 02:05:53,415 - ERROR - Error executing selected function: Can only use .dt accessor with datetimelike values
2025-07-15 02:06:26,817 - INFO - Application interrupted by user (Ctrl+C)
2025-07-15 02:06:26,817 - INFO - User chose to quit application
2025-07-15 02:06:26,820 - INFO - Application shutting down
2025-07-15 02:06:30,566 - INFO - Application started
2025-07-15 02:06:33,406 - INFO - Valid menu choice selected: GENERATE_WEEKLY_GOALS
2025-07-15 02:06:33,406 - INFO - User selected: Generate Weekly Goals
2025-07-15 02:06:48,923 - INFO - User chose to quit application
2025-07-15 02:06:48,928 - INFO - Application shutting down
2025-07-15 02:06:52,698 - INFO - Application started
2025-07-15 02:06:53,806 - INFO - Valid menu choice selected: GENERATE_WEEKLY_GOALS
2025-07-15 02:06:53,806 - INFO - User selected: Generate Weekly Goals
2025-07-15 02:07:03,831 - INFO - User chose to quit application
2025-07-15 02:07:03,831 - INFO - Application shutting down
2025-07-15 02:07:05,565 - INFO - Application started
2025-07-15 02:07:06,461 - INFO - Valid menu choice selected: GENERATE_WEEKLY_GOALS
2025-07-15 02:07:06,461 - INFO - User selected: Generate Weekly Goals
2025-07-15 02:09:01,769 - INFO - User chose to quit application
2025-07-15 02:09:01,774 - INFO - Application shutting down
2025-07-15 02:09:03,694 - INFO - Application started
2025-07-15 02:09:04,504 - INFO - Valid menu choice selected: GENERATE_WEEKLY_GOALS
2025-07-15 02:09:04,504 - INFO - User selected: Generate Weekly Goals
2025-07-15 02:20:43,746 - INFO - Application shutting down
2025-07-15 02:20:47,582 - INFO - Application started
2025-07-15 02:20:48,328 - INFO - Valid menu choice selected: GENERATE_WEEKLY_GOALS
2025-07-15 02:20:48,331 - INFO - User selected: Generate Weekly Goals
2025-07-15 02:31:08,992 - INFO - User chose to quit application
2025-07-15 02:31:08,995 - INFO - Application shutting down
2025-07-15 02:31:16,326 - INFO - Application started
2025-07-15 02:31:16,974 - INFO - Valid menu choice selected: GENERATE_WEEKLY_GOALS
2025-07-15 02:31:16,974 - INFO - User selected: Generate Weekly Goals
2025-07-15 02:39:21,375 - INFO - User chose to quit application
2025-07-15 02:39:21,375 - INFO - Application shutting down
2025-07-15 02:39:26,151 - INFO - Application started
2025-07-15 02:39:27,110 - INFO - Valid menu choice selected: GENERATE_WEEKLY_GOALS
2025-07-15 02:39:27,110 - INFO - User selected: Generate Weekly Goals
2025-07-15 02:44:48,427 - INFO - Application shutting down
2025-07-15 02:44:50,924 - INFO - Application started
2025-07-15 02:44:51,816 - INFO - Valid menu choice selected: GENERATE_WEEKLY_GOALS
2025-07-15 02:44:51,816 - INFO - User selected: Generate Weekly Goals
2025-07-15 02:46:02,303 - INFO - User chose to quit application
2025-07-15 02:46:02,303 - INFO - Application shutting down
2025-07-15 02:46:04,757 - INFO - Application started
2025-07-15 02:46:05,901 - INFO - Valid menu choice selected: GENERATE_WEEKLY_GOALS
2025-07-15 02:46:05,905 - INFO - User selected: Generate Weekly Goals
2025-07-15 02:49:42,161 - INFO - User chose to quit application
2025-07-15 02:49:42,161 - INFO - Application shutting down
2025-07-15 02:49:43,676 - INFO - Application started
2025-07-15 02:49:44,845 - INFO - Valid menu choice selected: GENERATE_WEEKLY_GOALS
2025-07-15 02:49:44,845 - INFO - User selected: Generate Weekly Goals
2025-07-15 02:50:01,125 - INFO - Application shutting down
2025-07-15 02:50:17,805 - INFO - Application started
2025-07-15 02:50:18,490 - INFO - Valid menu choice selected: GENERATE_WEEKLY_GOALS
2025-07-15 02:50:18,490 - INFO - User selected: Generate Weekly Goals
2025-07-15 03:40:14,194 - INFO - User chose to quit application
2025-07-15 03:40:14,194 - INFO - Application shutting down
2025-07-15 03:40:16,681 - INFO - Application started
2025-07-15 03:40:17,483 - INFO - Valid menu choice selected: GENERATE_WEEKLY_GOALS
2025-07-15 03:40:17,483 - INFO - User selected: Generate Weekly Goals
2025-07-15 03:46:09,918 - INFO - User chose to quit application
2025-07-15 03:46:09,934 - INFO - Application shutting down
2025-07-15 03:46:12,245 - INFO - Application started
2025-07-15 03:46:13,001 - INFO - Valid menu choice selected: GENERATE_WEEKLY_GOALS
2025-07-15 03:46:13,001 - INFO - User selected: Generate Weekly Goals
2025-07-15 03:46:49,597 - INFO - User chose to quit application
2025-07-15 03:46:49,597 - INFO - Application shutting down
2025-07-15 03:46:51,627 - INFO - Application started
2025-07-15 03:46:52,465 - INFO - Valid menu choice selected: GENERATE_WEEKLY_GOALS
2025-07-15 03:46:52,465 - INFO - User selected: Generate Weekly Goals
2025-07-15 03:47:29,336 - INFO - User chose to quit application
2025-07-15 03:47:29,336 - INFO - Application shutting down
2025-07-15 03:47:30,468 - INFO - Application started
2025-07-15 03:47:31,376 - INFO - Valid menu choice selected: GENERATE_WEEKLY_GOALS
2025-07-15 03:47:31,376 - INFO - User selected: Generate Weekly Goals
2025-07-15 03:48:36,013 - INFO - User chose to quit application
2025-07-15 03:48:36,013 - INFO - Application shutting down
2025-07-15 03:48:38,306 - INFO - Application started
2025-07-15 03:48:41,432 - INFO - Valid menu choice selected: GENERATE_WEEKLY_GOALS
2025-07-15 03:48:41,432 - INFO - User selected: Generate Weekly Goals
2025-07-15 03:49:20,718 - INFO - User chose to quit application
2025-07-15 03:49:20,723 - INFO - Application shutting down
2025-07-15 03:49:23,958 - INFO - Application started
2025-07-15 03:49:24,799 - INFO - Valid menu choice selected: GENERATE_WEEKLY_GOALS
2025-07-15 03:49:24,799 - INFO - User selected: Generate Weekly Goals
2025-07-15 03:54:27,944 - INFO - User chose to quit application
2025-07-15 03:54:27,949 - INFO - Application shutting down
2025-07-15 03:54:29,790 - INFO - Application started
2025-07-15 03:54:31,007 - INFO - Valid menu choice selected: GENERATE_WEEKLY_GOALS
2025-07-15 03:54:31,007 - INFO - User selected: Generate Weekly Goals
2025-07-15 04:00:56,470 - INFO - User chose to quit application
2025-07-15 04:00:56,470 - INFO - Application shutting down
2025-07-15 04:00:59,602 - INFO - Application started
2025-07-15 04:01:00,446 - INFO - Valid menu choice selected: GENERATE_WEEKLY_GOALS
2025-07-15 04:01:00,446 - INFO - User selected: Generate Weekly Goals
2025-07-15 04:02:42,401 - INFO - User chose to quit application
2025-07-15 04:02:42,417 - INFO - Application shutting down
2025-07-15 04:02:44,539 - INFO - Application started
2025-07-15 04:02:45,070 - INFO - Valid menu choice selected: GENERATE_WEEKLY_GOALS
2025-07-15 04:02:45,070 - INFO - User selected: Generate Weekly Goals
2025-07-15 04:03:22,646 - INFO - User chose to quit application
2025-07-15 04:03:22,646 - INFO - Application shutting down
2025-07-15 04:03:24,512 - INFO - Application started
2025-07-15 04:03:25,676 - INFO - Valid menu choice selected: GENERATE_WEEKLY_GOALS
2025-07-15 04:03:25,676 - INFO - User selected: Generate Weekly Goals
2025-07-15 04:03:39,615 - INFO - User chose to quit application
2025-07-15 04:03:39,621 - INFO - Application shutting down
2025-07-15 04:03:43,094 - INFO - Application started
2025-07-15 04:03:43,719 - INFO - Valid menu choice selected: GENERATE_WEEKLY_GOALS
2025-07-15 04:03:43,719 - INFO - User selected: Generate Weekly Goals
2025-07-15 04:06:02,319 - INFO - User chose to quit application
2025-07-15 04:06:02,323 - INFO - Application shutting down
2025-07-15 04:06:05,423 - INFO - Application started
2025-07-15 04:06:06,151 - INFO - Valid menu choice selected: GENERATE_WEEKLY_GOALS
2025-07-15 04:06:06,151 - INFO - User selected: Generate Weekly Goals
2025-07-15 04:08:20,672 - INFO - User chose to quit application
2025-07-15 04:08:20,672 - INFO - Application shutting down
2025-07-15 04:08:22,232 - INFO - Application started
2025-07-15 04:08:22,792 - INFO - Valid menu choice selected: GENERATE_WEEKLY_GOALS
2025-07-15 04:08:22,792 - INFO - User selected: Generate Weekly Goals
2025-07-15 04:10:10,471 - INFO - User chose to quit application
2025-07-15 04:10:10,471 - INFO - Application shutting down
2025-07-15 04:10:12,448 - INFO - Application started
2025-07-15 04:10:14,325 - INFO - Valid menu choice selected: GENERATE_WEEKLY_GOALS
2025-07-15 04:10:14,325 - INFO - User selected: Generate Weekly Goals
2025-07-15 04:13:08,587 - INFO - Valid menu choice selected: GENERATE_WEEKLY_GOALS
2025-07-15 04:13:08,587 - INFO - User selected: Generate Weekly Goals
2025-07-15 04:13:15,891 - INFO - User chose to quit application
2025-07-15 04:13:15,907 - INFO - Application shutting down
2025-07-15 04:13:17,422 - INFO - Application started
2025-07-15 04:13:17,966 - INFO - Valid menu choice selected: GENERATE_WEEKLY_GOALS
2025-07-15 04:13:17,966 - INFO - User selected: Generate Weekly Goals
2025-07-15 04:14:36,384 - INFO - User chose to quit application
2025-07-15 04:14:36,384 - INFO - Application shutting down
2025-07-15 04:14:38,458 - INFO - Application started
2025-07-15 04:14:38,974 - INFO - Valid menu choice selected: GENERATE_WEEKLY_GOALS
2025-07-15 04:14:38,974 - INFO - User selected: Generate Weekly Goals
2025-07-15 04:15:41,263 - INFO - User chose to quit application
2025-07-15 04:15:41,279 - INFO - Application shutting down
2025-07-15 04:15:43,558 - INFO - Application started
2025-07-15 04:15:44,056 - INFO - Valid menu choice selected: GENERATE_WEEKLY_GOALS
2025-07-15 04:15:44,056 - INFO - User selected: Generate Weekly Goals
2025-07-15 10:23:35,253 - INFO - Application started
2025-07-15 10:28:21,938 - INFO - Valid menu choice selected: GENERATE_WEEKLY_GOALS
2025-07-15 10:28:21,938 - INFO - User selected: Generate Weekly Goals
2025-07-15 10:48:57,461 - INFO - Application started
2025-07-15 10:48:59,051 - INFO - Valid menu choice selected: GENERATE_WEEKLY_GOALS
2025-07-15 10:48:59,051 - INFO - User selected: Generate Weekly Goals
2025-07-20 21:10:46,564 - INFO - Application started
2025-07-20 21:10:49,021 - INFO - Valid menu choice selected: GENERATE_WEEKLY_GOALS
2025-07-20 21:10:49,021 - INFO - User selected: Generate Weekly Goals
2025-07-20 21:10:50,128 - ERROR - Error executing selected function: 'tracker'
2025-07-20 21:11:12,354 - INFO - Valid menu choice selected: GENERATE_WEEKLY_GOALS
2025-07-20 21:11:12,354 - INFO - User selected: Generate Weekly Goals
2025-07-20 21:11:13,414 - ERROR - Error executing selected function: 'tracker'
2025-07-20 21:11:16,623 - INFO - Application interrupted by user (Ctrl+C)
2025-07-20 21:11:16,623 - INFO - User chose to quit application
2025-07-20 21:11:16,623 - INFO - Application shutting down
2025-07-20 21:11:18,520 - INFO - Application started
2025-07-20 21:11:19,370 - INFO - Valid menu choice selected: GENERATE_WEEKLY_GOALS
2025-07-20 21:11:19,370 - INFO - User selected: Generate Weekly Goals
2025-07-20 21:13:15,689 - INFO - Valid menu choice selected: GENERATE_WEEKLY_GOALS
2025-07-20 21:13:15,689 - INFO - User selected: Generate Weekly Goals
2025-07-20 21:14:56,590 - INFO - User chose to quit application
2025-07-20 21:14:56,601 - INFO - Application shutting down
2025-07-20 21:14:58,328 - INFO - Application started
2025-07-20 21:14:59,237 - INFO - Valid menu choice selected: GENERATE_WEEKLY_GOALS
2025-07-20 21:14:59,237 - INFO - User selected: Generate Weekly Goals
2025-07-20 21:35:42,223 - INFO - User chose to quit application
2025-07-20 21:35:42,223 - INFO - Application shutting down
2025-07-20 21:35:45,185 - INFO - Application started
2025-07-20 21:35:46,013 - INFO - Valid menu choice selected: GENERATE_WEEKLY_GOALS
2025-07-20 21:35:46,013 - INFO - User selected: Generate Weekly Goals
2025-07-20 21:35:50,182 - INFO - User chose to quit application
2025-07-20 21:35:50,182 - INFO - Application shutting down
2025-07-20 21:35:52,227 - INFO - Application started
2025-07-20 21:35:54,943 - INFO - Valid menu choice selected: COMPARE
2025-07-20 21:35:54,943 - INFO - User selected: Merge feature
2025-07-20 21:35:57,042 - ERROR - Error executing selected function: 'NoneType' object is not subscriptable
2025-07-20 21:39:20,871 - INFO - Application interrupted by user (Ctrl+C)
2025-07-20 21:39:20,871 - INFO - User chose to quit application
2025-07-20 21:39:20,871 - INFO - Application shutting down
2025-07-20 21:39:22,367 - INFO - Application started
2025-07-20 21:39:23,711 - INFO - Valid menu choice selected: COMPARE
2025-07-20 21:39:23,711 - INFO - User selected: Merge feature
2025-07-20 21:39:25,783 - ERROR - Error executing selected function: 'NoneType' object is not subscriptable
2025-07-20 21:41:01,172 - INFO - Application interrupted by user (Ctrl+C)
2025-07-20 21:41:01,172 - INFO - User chose to quit application
2025-07-20 21:41:01,183 - INFO - Application shutting down
2025-07-20 21:41:03,788 - INFO - Application started
2025-07-20 21:41:04,555 - INFO - Valid menu choice selected: COMPARE
2025-07-20 21:41:04,555 - INFO - User selected: Merge feature
2025-07-20 21:41:06,655 - ERROR - Error executing selected function: 'Week'
2025-07-20 21:51:15,718 - INFO - Application interrupted by user (Ctrl+C)
2025-07-20 21:51:15,718 - INFO - User chose to quit application
2025-07-20 21:51:15,719 - INFO - Application shutting down
2025-07-20 21:51:18,366 - INFO - Application started
2025-07-20 21:51:19,102 - INFO - Valid menu choice selected: COMPARE
2025-07-20 21:51:19,102 - INFO - User selected: Compare feature
2025-07-20 21:51:23,886 - INFO - User chose to quit application
2025-07-20 21:51:23,886 - INFO - Application shutting down
2025-07-20 21:51:46,354 - INFO - Application started
2025-07-20 21:51:46,931 - INFO - Valid menu choice selected: COMPARE
2025-07-20 21:51:46,931 - INFO - User selected: Merge feature
2025-07-20 21:51:49,030 - ERROR - Error executing selected function: 'Date'
2025-07-20 21:56:37,891 - INFO - Application interrupted by user (Ctrl+C)
2025-07-20 21:56:37,891 - INFO - User chose to quit application
2025-07-20 21:56:37,891 - INFO - Application shutting down
2025-07-20 21:56:45,154 - INFO - Application started
2025-07-20 21:56:46,201 - INFO - Valid menu choice selected: COMPARE
2025-07-20 21:56:46,201 - INFO - User selected: Merge feature
2025-07-20 21:56:48,291 - ERROR - Error executing selected function: 'Day'
2025-07-20 21:57:25,830 - INFO - Application interrupted by user (Ctrl+C)
2025-07-20 21:57:25,830 - INFO - User chose to quit application
2025-07-20 21:57:25,830 - INFO - Application shutting down
2025-07-20 21:57:27,868 - INFO - Application started
2025-07-20 21:57:28,496 - INFO - Valid menu choice selected: GENERATE_WEEKLY_GOALS
2025-07-20 21:57:28,496 - INFO - User selected: Generate Weekly Goals
2025-07-20 21:57:41,415 - INFO - Application shutting down
2025-07-20 21:58:08,307 - INFO - Application started
2025-07-20 21:58:09,108 - INFO - Valid menu choice selected: COMPARE
2025-07-20 21:58:09,108 - INFO - User selected: Merge feature
2025-07-20 21:58:11,233 - ERROR - Error executing selected function: 'Day'
2025-07-20 21:59:56,234 - INFO - Application interrupted by user (Ctrl+C)
2025-07-20 21:59:56,234 - INFO - User chose to quit application
2025-07-20 21:59:56,234 - INFO - Application shutting down
2025-07-20 21:59:58,057 - INFO - Application started
2025-07-20 21:59:59,997 - INFO - Valid menu choice selected: COMPARE
2025-07-20 21:59:59,997 - INFO - User selected: Merge feature
2025-07-20 22:00:02,102 - ERROR - Error executing selected function: 'Day'
2025-07-20 22:00:32,898 - INFO - Application interrupted by user (Ctrl+C)
2025-07-20 22:00:32,898 - INFO - User chose to quit application
2025-07-20 22:00:32,903 - INFO - Application shutting down
2025-07-20 22:00:36,446 - INFO - Application started
2025-07-20 22:00:36,991 - INFO - Valid menu choice selected: COMPARE
2025-07-20 22:00:36,991 - INFO - User selected: Merge feature
2025-07-20 22:00:39,112 - ERROR - Error executing selected function: 'Day'
2025-07-20 22:04:47,682 - INFO - Application interrupted by user (Ctrl+C)
2025-07-20 22:04:47,682 - INFO - User chose to quit application
2025-07-20 22:04:47,682 - INFO - Application shutting down
2025-07-20 22:04:49,644 - INFO - Application started
2025-07-20 22:04:50,139 - INFO - Valid menu choice selected: COMPARE
2025-07-20 22:04:50,139 - INFO - User selected: Merge feature
2025-07-20 22:04:52,239 - ERROR - Error executing selected function: cannot access local variable 'reference_date' where it is not associated with a value
2025-07-20 22:06:27,421 - INFO - Application interrupted by user (Ctrl+C)
2025-07-20 22:06:27,421 - INFO - User chose to quit application
2025-07-20 22:06:27,426 - INFO - Application shutting down
2025-07-20 22:06:29,413 - INFO - Application started
2025-07-20 22:06:30,417 - INFO - Valid menu choice selected: COMPARE
2025-07-20 22:06:30,417 - INFO - User selected: Merge feature
2025-07-20 22:06:32,525 - ERROR - Error executing selected function: Expected either 'Week' or 'Start Date' column in tasks_this_week
2025-07-20 22:08:16,611 - INFO - Application interrupted by user (Ctrl+C)
2025-07-20 22:08:16,611 - INFO - User chose to quit application
2025-07-20 22:08:16,627 - INFO - Application shutting down
2025-07-20 22:08:18,126 - INFO - Application started
2025-07-20 22:08:18,622 - INFO - Valid menu choice selected: COMPARE
2025-07-20 22:08:18,622 - INFO - User selected: Merge feature
2025-07-20 22:09:32,381 - INFO - Application shutting down
2025-07-20 22:09:42,641 - INFO - Application started
2025-07-20 22:09:43,409 - INFO - Valid menu choice selected: QUIT
2025-07-20 22:09:43,409 - INFO - User chose to quit application
2025-07-20 22:09:43,409 - INFO - Application shutting down
2025-07-20 22:09:46,476 - INFO - Application started
2025-07-20 22:09:47,217 - INFO - Valid menu choice selected: GENERATE_WEEKLY_GOALS
2025-07-20 22:09:47,217 - INFO - User selected: Generate Weekly Goals
2025-07-20 22:09:55,451 - INFO - Valid menu choice selected: COMPARE
2025-07-20 22:09:55,451 - INFO - User selected: Merge feature
2025-07-20 22:15:37,623 - INFO - User chose to quit application
2025-07-20 22:15:37,623 - INFO - Application shutting down
2025-07-20 22:15:39,267 - INFO - Application started
2025-07-20 22:15:39,746 - INFO - Valid menu choice selected: COMPARE
2025-07-20 22:15:39,746 - INFO - User selected: Merge feature
2025-07-20 22:25:46,768 - INFO - Application shutting down
2025-07-20 22:25:48,493 - INFO - Application started
2025-07-20 22:25:49,731 - INFO - Valid menu choice selected: COMPARE
2025-07-20 22:25:49,733 - INFO - User selected: Merge feature
2025-07-20 22:26:22,004 - INFO - Application shutting down
2025-07-20 22:26:24,260 - INFO - Application started
2025-07-20 22:26:26,636 - INFO - Valid menu choice selected: COMPARE
2025-07-20 22:26:26,636 - INFO - User selected: Merge feature
2025-07-20 22:26:57,785 - INFO - User chose to quit application
2025-07-20 22:26:57,793 - INFO - Application shutting down
2025-07-20 22:26:59,214 - INFO - Application started
2025-07-20 22:26:59,672 - INFO - Valid menu choice selected: COMPARE
2025-07-20 22:26:59,672 - INFO - User selected: Merge feature
2025-07-20 22:30:11,822 - INFO - Application started
2025-07-20 22:30:12,892 - INFO - Valid menu choice selected: GENERATE_WEEKLY_GOALS
2025-07-20 22:30:12,892 - INFO - User selected: Generate Weekly Goals
2025-07-20 22:30:44,001 - INFO - Valid menu choice selected: COMPARE
2025-07-20 22:30:44,001 - INFO - User selected: Merge feature
2025-07-20 22:35:43,515 - INFO - User chose to quit application
2025-07-20 22:35:43,531 - INFO - Application shutting down
2025-07-20 22:35:47,000 - INFO - Application started
2025-07-20 22:35:48,356 - INFO - Valid menu choice selected: COMPARE
2025-07-20 22:35:48,356 - INFO - User selected: Merge feature
2025-07-20 22:39:01,903 - INFO - Application shutting down
2025-07-20 22:39:04,282 - INFO - Application started
2025-07-20 22:39:04,938 - INFO - Valid menu choice selected: COMPARE
2025-07-20 22:39:04,938 - INFO - User selected: Merge feature
2025-07-20 22:41:14,807 - INFO - Application shutting down
2025-07-20 22:41:16,919 - INFO - Application started
2025-07-20 22:41:17,785 - INFO - Valid menu choice selected: COMPARE
2025-07-20 22:41:17,785 - INFO - User selected: Merge feature
2025-07-20 22:41:20,964 - ERROR - Error executing selected function: ['Project', 'Issue']
2025-07-20 22:43:22,938 - INFO - Valid menu choice selected: GENERATE_WEEKLY_GOALS
2025-07-20 22:43:22,938 - INFO - User selected: Generate Weekly Goals
2025-07-20 22:52:53,992 - INFO - User chose to quit application
2025-07-20 22:52:54,008 - INFO - Application shutting down
2025-07-20 22:52:55,825 - INFO - Application started
2025-07-20 22:52:58,338 - INFO - Valid menu choice selected: COMPARE
2025-07-20 22:52:58,338 - INFO - User selected: Merge feature
2025-07-20 22:53:01,503 - ERROR - Error executing selected function: ['Project', 'Issue']
2025-07-20 23:00:03,739 - INFO - Application interrupted by user (Ctrl+C)
2025-07-20 23:00:03,739 - INFO - User chose to quit application
2025-07-20 23:00:03,739 - INFO - Application shutting down
2025-07-20 23:00:05,664 - INFO - Application started
2025-07-20 23:00:06,310 - INFO - Valid menu choice selected: COMPARE
2025-07-20 23:00:06,310 - INFO - User selected: Merge feature
2025-07-20 23:00:07,389 - ERROR - Error executing selected function: 'dict' object has no attribute 'columns'
2025-07-20 23:00:26,897 - INFO - Application interrupted by user (Ctrl+C)
2025-07-20 23:00:26,897 - INFO - User chose to quit application
2025-07-20 23:00:26,897 - INFO - Application shutting down
2025-07-20 23:00:28,075 - INFO - Application started
2025-07-20 23:00:28,522 - INFO - Valid menu choice selected: COMPARE
2025-07-20 23:00:28,522 - INFO - User selected: Merge feature
2025-07-20 23:00:31,682 - ERROR - Error executing selected function: ['Project', 'Issue']
2025-07-20 23:01:40,838 - INFO - Application interrupted by user (Ctrl+C)
2025-07-20 23:01:40,838 - INFO - User chose to quit application
2025-07-20 23:01:40,843 - INFO - Application shutting down
2025-07-20 23:01:42,585 - INFO - Application started
2025-07-20 23:01:43,080 - INFO - Valid menu choice selected: COMPARE
2025-07-20 23:01:43,080 - INFO - User selected: Merge feature
2025-07-20 23:01:46,252 - ERROR - Error executing selected function: ['Project', 'Issue']
2025-07-20 23:08:47,857 - INFO - Application interrupted by user (Ctrl+C)
2025-07-20 23:08:47,857 - INFO - User chose to quit application
2025-07-20 23:08:47,873 - INFO - Application shutting down
2025-07-20 23:08:49,503 - INFO - Application started
2025-07-20 23:08:49,980 - INFO - Valid menu choice selected: COMPARE
2025-07-20 23:08:49,980 - INFO - User selected: Merge feature
2025-07-20 23:08:53,153 - ERROR - Error executing selected function: ['Project', 'Issue']
2025-07-20 23:12:29,868 - INFO - Application interrupted by user (Ctrl+C)
2025-07-20 23:12:29,868 - INFO - User chose to quit application
2025-07-20 23:12:29,883 - INFO - Application shutting down
2025-07-20 23:12:31,462 - INFO - Application started
2025-07-20 23:12:31,862 - INFO - Valid menu choice selected: COMPARE
2025-07-20 23:12:31,862 - INFO - User selected: Merge feature
2025-07-20 23:12:35,030 - ERROR - Error executing selected function: ['Project', 'Issue']
2025-07-20 23:15:33,799 - INFO - Application interrupted by user (Ctrl+C)
2025-07-20 23:15:33,799 - INFO - User chose to quit application
2025-07-20 23:15:33,799 - INFO - Application shutting down
2025-07-20 23:15:35,603 - INFO - Application started
2025-07-20 23:15:36,084 - INFO - Valid menu choice selected: COMPARE
2025-07-20 23:15:36,084 - INFO - User selected: Merge feature
2025-07-20 23:15:39,244 - ERROR - Error executing selected function: ['Project', 'Issue']
2025-07-20 23:26:31,832 - INFO - Application interrupted by user (Ctrl+C)
2025-07-20 23:26:31,832 - INFO - User chose to quit application
2025-07-20 23:26:31,848 - INFO - Application shutting down
2025-07-20 23:26:34,020 - INFO - Application started
2025-07-20 23:26:34,515 - INFO - Valid menu choice selected: COMPARE
2025-07-20 23:26:34,515 - INFO - User selected: Merge feature
2025-07-20 23:26:37,693 - ERROR - Error executing selected function: ['Project', 'Issue']
2025-07-20 23:30:35,230 - INFO - Application interrupted by user (Ctrl+C)
2025-07-20 23:30:35,230 - INFO - User chose to quit application
2025-07-20 23:30:35,230 - INFO - Application shutting down
2025-07-20 23:30:36,956 - INFO - Application started
2025-07-20 23:30:37,483 - INFO - Valid menu choice selected: COMPARE
2025-07-20 23:30:37,483 - INFO - User selected: Merge feature
2025-07-20 23:39:15,533 - INFO - Application shutting down
2025-07-20 23:39:18,202 - INFO - Application started
2025-07-20 23:39:20,145 - INFO - Valid menu choice selected: COMPARE
2025-07-20 23:39:20,145 - INFO - User selected: Merge feature
2025-07-20 23:43:08,883 - INFO - Application shutting down
2025-07-20 23:43:10,409 - INFO - Application started
2025-07-20 23:43:11,078 - INFO - Valid menu choice selected: COMPARE
2025-07-20 23:43:11,078 - INFO - User selected: Merge feature
2025-07-20 23:44:15,085 - INFO - Application shutting down
2025-07-20 23:44:16,544 - INFO - Application started
2025-07-20 23:44:17,006 - INFO - Valid menu choice selected: COMPARE
2025-07-20 23:44:17,006 - INFO - User selected: Merge feature
2025-07-20 23:45:23,944 - INFO - Application shutting down
2025-07-20 23:45:37,861 - INFO - Application started
2025-07-20 23:45:38,501 - INFO - Valid menu choice selected: COMPARE
2025-07-20 23:45:38,501 - INFO - User selected: Merge feature
2025-07-20 23:46:38,586 - INFO - Application shutting down
2025-07-20 23:46:40,065 - INFO - Application started
2025-07-20 23:46:40,594 - INFO - Valid menu choice selected: COMPARE
2025-07-20 23:46:40,594 - INFO - User selected: Merge feature
2025-07-20 23:47:31,877 - INFO - Application shutting down
2025-07-20 23:47:33,151 - INFO - Application started
2025-07-20 23:47:33,613 - INFO - Valid menu choice selected: COMPARE
2025-07-20 23:47:33,613 - INFO - User selected: Merge feature
2025-07-20 23:47:35,747 - ERROR - Error executing selected function: 'Date'
2025-07-20 23:47:53,865 - INFO - Valid menu choice selected: COMPARE
2025-07-20 23:47:53,865 - INFO - User selected: Merge feature
2025-07-20 23:47:55,981 - ERROR - Error executing selected function: 'Date'
2025-07-20 23:47:57,571 - INFO - Application interrupted by user (Ctrl+C)
2025-07-20 23:47:57,571 - INFO - User chose to quit application
2025-07-20 23:47:57,587 - INFO - Application shutting down
2025-07-20 23:48:23,364 - INFO - Application started
2025-07-20 23:48:24,182 - INFO - Valid menu choice selected: COMPARE
2025-07-20 23:48:24,182 - INFO - User selected: Merge feature
2025-07-20 23:48:38,723 - INFO - Application shutting down
2025-07-20 23:48:40,523 - INFO - Application started
2025-07-20 23:48:40,914 - INFO - Valid menu choice selected: COMPARE
2025-07-20 23:48:40,914 - INFO - User selected: Merge feature
2025-07-20 23:49:13,242 - INFO - Application shutting down
2025-07-20 23:49:14,721 - INFO - Application started
2025-07-20 23:49:15,068 - INFO - Valid menu choice selected: COMPARE
2025-07-20 23:49:15,068 - INFO - User selected: Merge feature
2025-07-20 23:49:17,181 - ERROR - Error executing selected function: 'Date'
2025-07-20 23:49:26,119 - INFO - Application interrupted by user (Ctrl+C)
2025-07-20 23:49:26,119 - INFO - User chose to quit application
2025-07-20 23:49:26,119 - INFO - Application shutting down
2025-07-20 23:49:30,322 - INFO - Application started
2025-07-20 23:49:30,858 - INFO - Valid menu choice selected: COMPARE
2025-07-20 23:49:30,858 - INFO - User selected: Merge feature
2025-07-20 23:49:32,969 - ERROR - Error executing selected function: 'Date'
2025-07-20 23:55:14,322 - INFO - Application interrupted by user (Ctrl+C)
2025-07-20 23:55:14,322 - INFO - User chose to quit application
2025-07-20 23:55:14,322 - INFO - Application shutting down
2025-07-20 23:55:16,357 - INFO - Application started
2025-07-20 23:55:16,842 - INFO - Valid menu choice selected: COMPARE
2025-07-20 23:55:16,842 - INFO - User selected: Merge feature
2025-07-20 23:55:40,813 - INFO - Application shutting down
2025-07-20 23:56:02,386 - INFO - Application started
2025-07-20 23:56:02,818 - INFO - Valid menu choice selected: QUIT
2025-07-20 23:56:02,818 - INFO - User chose to quit application
2025-07-20 23:56:02,824 - INFO - Application shutting down
2025-07-20 23:56:06,590 - INFO - Application started
2025-07-20 23:56:07,256 - INFO - Application interrupted by user (Ctrl+C)
2025-07-20 23:56:07,256 - INFO - User chose to quit application
2025-07-20 23:56:07,262 - INFO - Application shutting down
2025-07-20 23:56:10,489 - INFO - Application started
2025-07-20 23:56:12,327 - INFO - Valid menu choice selected: COMPARE
2025-07-20 23:56:12,327 - INFO - User selected: Merge feature
2025-07-21 00:02:22,043 - INFO - Application shutting down
2025-07-21 00:02:24,506 - INFO - Application started
2025-07-21 00:02:27,991 - INFO - Valid menu choice selected: COMPARE
2025-07-21 00:02:27,997 - INFO - User selected: Merge feature
2025-07-21 00:03:18,539 - INFO - Application shutting down
2025-07-21 00:03:20,021 - INFO - Application started
2025-07-21 00:03:20,422 - INFO - Valid menu choice selected: COMPARE
2025-07-21 00:03:20,422 - INFO - User selected: Merge feature
2025-07-21 00:03:41,611 - INFO - Application shutting down
2025-07-21 00:03:49,011 - INFO - Application started
2025-07-21 00:03:50,057 - INFO - Valid menu choice selected: COMPARE
2025-07-21 00:03:50,057 - INFO - User selected: Merge feature
2025-07-21 00:05:57,711 - INFO - Application shutting down
2025-07-21 00:06:00,603 - INFO - Application started
2025-07-21 00:06:02,087 - INFO - Valid menu choice selected: COMPARE
2025-07-21 00:06:02,087 - INFO - User selected: Merge feature
2025-07-21 00:08:26,590 - INFO - Application shutting down
2025-07-21 00:08:28,587 - INFO - Application started
2025-07-21 00:08:29,373 - INFO - Valid menu choice selected: COMPARE
2025-07-21 00:08:29,373 - INFO - User selected: Merge feature
2025-07-21 00:17:20,618 - INFO - Application shutting down
2025-07-21 00:17:22,269 - INFO - Application started
2025-07-21 00:17:22,729 - INFO - Valid menu choice selected: COMPARE
2025-07-21 00:17:22,729 - INFO - User selected: Merge feature
2025-07-21 00:17:25,855 - ERROR - Error executing selected function: StringIO.write() takes exactly one argument (0 given)
2025-07-21 00:19:48,591 - INFO - Application interrupted by user (Ctrl+C)
2025-07-21 00:19:48,591 - INFO - User chose to quit application
2025-07-21 00:19:48,607 - INFO - Application shutting down
2025-07-21 00:19:50,201 - INFO - Application started
2025-07-21 00:19:50,888 - INFO - Valid menu choice selected: COMPARE
2025-07-21 00:19:50,888 - INFO - User selected: Merge feature
2025-07-21 00:19:54,008 - ERROR - Error executing selected function: StringIO.write() takes exactly one argument (0 given)
2025-07-21 00:20:17,970 - INFO - Application interrupted by user (Ctrl+C)
2025-07-21 00:20:17,970 - INFO - User chose to quit application
2025-07-21 00:20:17,988 - INFO - Application shutting down
2025-07-21 00:20:19,500 - INFO - Application started
2025-07-21 00:20:19,947 - INFO - Valid menu choice selected: COMPARE
2025-07-21 00:20:19,947 - INFO - User selected: Merge feature
2025-07-21 00:20:23,219 - ERROR - Error executing selected function: I/O operation on closed file
2025-07-21 00:20:45,340 - INFO - Application interrupted by user (Ctrl+C)
2025-07-21 00:20:45,340 - INFO - User chose to quit application
2025-07-21 00:20:45,340 - INFO - Application shutting down
2025-07-21 00:20:46,624 - INFO - Application started
2025-07-21 00:20:46,966 - INFO - Valid menu choice selected: COMPARE
2025-07-21 00:20:46,966 - INFO - User selected: Merge feature
2025-07-21 00:21:48,022 - INFO - Application shutting down
2025-07-21 00:21:49,181 - INFO - Application started
2025-07-21 00:21:49,612 - INFO - Valid menu choice selected: COMPARE
2025-07-21 00:21:49,612 - INFO - User selected: Merge feature
2025-07-21 00:22:17,219 - INFO - Application shutting down
2025-07-21 00:22:18,480 - INFO - Application started
2025-07-21 00:22:19,074 - INFO - Valid menu choice selected: COMPARE
2025-07-21 00:22:19,074 - INFO - User selected: Merge feature
2025-07-21 00:23:06,432 - INFO - Application shutting down
2025-07-21 00:23:24,607 - INFO - Application started
2025-07-21 00:23:25,071 - INFO - Valid menu choice selected: COMPARE
2025-07-21 00:23:25,071 - INFO - User selected: Merge feature
2025-07-21 00:24:17,699 - INFO - Application shutting down
2025-07-21 00:24:19,291 - INFO - Application started
2025-07-21 00:24:20,137 - INFO - Valid menu choice selected: COMPARE
2025-07-21 00:24:20,137 - INFO - User selected: Merge feature
2025-07-21 00:26:08,096 - INFO - Application shutting down
2025-07-21 00:26:09,513 - INFO - Application started
2025-07-21 00:26:09,915 - INFO - Valid menu choice selected: COMPARE
2025-07-21 00:26:09,915 - INFO - User selected: Merge feature
2025-07-21 00:26:46,926 - INFO - User chose to quit application
2025-07-21 00:26:46,942 - INFO - Application shutting down
2025-07-21 20:30:22,131 - INFO - Application started
2025-07-21 20:30:24,622 - INFO - Valid menu choice selected: COMPARE
2025-07-21 20:30:24,622 - INFO - User selected: Merge feature
2025-07-21 20:40:06,781 - INFO - User chose to quit application
2025-07-21 20:40:06,797 - INFO - Application shutting down
2025-07-21 20:40:08,311 - INFO - Application started
2025-07-21 20:40:08,955 - INFO - Valid menu choice selected: COMPARE
2025-07-21 20:40:08,955 - INFO - User selected: Merge feature
2025-07-21 20:40:38,459 - INFO - User chose to quit application
2025-07-21 20:40:38,459 - INFO - Application shutting down
2025-07-21 20:46:39,628 - INFO - Application started
2025-07-21 20:46:40,139 - INFO - Valid menu choice selected: COMPARE
2025-07-21 20:46:40,139 - INFO - User selected: Merge feature
2025-07-21 20:46:43,248 - ERROR - Error executing selected function: 'Ticket'
2025-07-21 20:46:57,147 - INFO - Application interrupted by user (Ctrl+C)
2025-07-21 20:46:57,147 - INFO - User chose to quit application
2025-07-21 20:46:57,147 - INFO - Application shutting down
2025-07-21 20:47:01,922 - INFO - Application started
2025-07-21 20:47:02,393 - INFO - Valid menu choice selected: COMPARE
2025-07-21 20:47:02,393 - INFO - User selected: Merge feature
2025-07-21 20:48:51,496 - INFO - User chose to quit application
2025-07-21 20:48:51,511 - INFO - Application shutting down
2025-07-21 20:49:06,226 - INFO - Application started
2025-07-21 20:49:09,636 - INFO - Valid menu choice selected: COMPARE
2025-07-21 20:49:09,636 - INFO - User selected: Merge feature
2025-07-23 09:11:38,860 - INFO - Application started
2025-07-23 09:11:42,710 - INFO - Application interrupted by user (Ctrl+C)
2025-07-23 09:11:42,710 - INFO - User chose to quit application
2025-07-23 09:11:42,710 - INFO - Application shutting down
2025-07-24 17:43:57,865 - INFO - Application started
2025-07-24 17:44:09,212 - INFO - Valid menu choice selected: END_OF_WEEK_SUMMARY
2025-07-24 17:44:09,212 - INFO - User selected: Compare feature
2025-07-24 17:44:12,128 - INFO - User chose to quit application
2025-07-24 17:44:12,128 - INFO - Application shutting down
2025-07-24 17:44:14,364 - INFO - Application started
2025-07-24 17:44:15,066 - INFO - Valid menu choice selected: QUIT
2025-07-24 17:44:15,066 - INFO - User chose to quit application
2025-07-24 17:44:15,066 - INFO - Application shutting down
2025-07-24 17:44:18,338 - INFO - Application started
2025-07-24 17:44:19,863 - INFO - Valid menu choice selected: GENERATE_WEEKLY_GOALS
2025-07-24 17:44:19,863 - INFO - User selected: Generate Weekly Goals
2025-07-24 17:44:29,261 - INFO - User chose to quit application
2025-07-24 17:44:29,277 - INFO - Application shutting down
2025-07-24 17:47:03,014 - INFO - Application started
2025-07-24 17:50:03,539 - INFO - Valid menu choice selected: QUIT
2025-07-24 17:50:03,539 - INFO - User chose to quit application
2025-07-24 17:50:03,539 - INFO - Application shutting down
2025-07-24 17:50:06,050 - INFO - Application started
2025-07-24 17:50:07,284 - INFO - Valid menu choice selected: END_OF_WEEK_SUMMARY
2025-07-24 17:50:07,284 - INFO - User selected: End of Week Summary
2025-07-24 17:51:19,194 - INFO - User chose to quit application
2025-07-24 17:51:19,194 - INFO - Application shutting down
2025-07-24 17:51:21,020 - INFO - Application started
2025-07-24 17:51:21,629 - INFO - Valid menu choice selected: END_OF_WEEK_SUMMARY
2025-07-24 17:51:21,629 - INFO - User selected: End of Week Summary
2025-07-24 17:51:22,657 - ERROR - Error executing selected function: 'NoneType' object has no attribute 'columns'
2025-07-24 17:52:57,975 - INFO - Valid menu choice selected: QUIT
2025-07-24 17:52:57,975 - INFO - User chose to quit application
2025-07-24 17:52:57,975 - INFO - Application shutting down
2025-07-24 17:52:59,256 - INFO - Application started
2025-07-24 17:53:00,375 - INFO - Valid menu choice selected: END_OF_WEEK_SUMMARY
2025-07-24 17:53:00,375 - INFO - User selected: End of Week Summary
2025-07-24 17:53:01,402 - ERROR - Error executing selected function: 'NoneType' object has no attribute 'columns'
2025-07-24 17:53:46,521 - INFO - Valid menu choice selected: END_OF_WEEK_SUMMARY
2025-07-24 17:53:46,521 - INFO - User selected: End of Week Summary
2025-07-24 17:53:47,550 - ERROR - Error executing selected function: 'NoneType' object has no attribute 'columns'
2025-07-24 17:54:33,322 - INFO - Valid menu choice selected: QUIT
2025-07-24 17:54:33,322 - INFO - User chose to quit application
2025-07-24 17:54:33,322 - INFO - Application shutting down
2025-07-24 17:54:35,475 - INFO - Application started
2025-07-24 17:54:36,675 - INFO - Valid menu choice selected: END_OF_WEEK_SUMMARY
2025-07-24 17:54:36,675 - INFO - User selected: End of Week Summary
2025-07-24 17:56:24,050 - INFO - User chose to quit application
2025-07-24 17:56:24,050 - INFO - Application shutting down
2025-07-24 17:56:26,162 - INFO - Application started
2025-07-24 17:56:27,682 - INFO - Valid menu choice selected: COMPARE
2025-07-24 17:56:27,682 - INFO - User selected: Merge feature
2025-07-25 18:18:30,327 - INFO - Application started
2025-07-25 18:18:44,204 - INFO - Valid menu choice selected: GENERATE_WEEKLY_GOALS
2025-07-25 18:18:44,204 - INFO - User selected: Generate Weekly Goals
2025-07-28 09:55:47,291 - INFO - Application started
2025-07-28 09:56:03,244 - INFO - Application interrupted by user (Ctrl+C)
2025-07-28 09:56:03,244 - INFO - User chose to quit application
2025-07-28 09:56:03,245 - INFO - Application shutting down
2025-07-28 09:58:22,019 - INFO - Application started
2025-07-28 09:58:27,006 - INFO - Application interrupted by user (Ctrl+C)
2025-07-28 09:58:27,006 - INFO - User chose to quit application
2025-07-28 09:58:27,007 - INFO - Application shutting down
2025-07-28 09:58:29,085 - INFO - Application started
2025-07-28 09:58:31,352 - INFO - Application interrupted by user (Ctrl+C)
2025-07-28 09:58:31,352 - INFO - User chose to quit application
2025-07-28 09:58:31,352 - INFO - Application shutting down
2025-08-01 16:07:26,428 - INFO - Application started
2025-08-01 16:07:30,865 - INFO - Valid menu choice selected: COMPARE
2025-08-01 16:07:30,865 - INFO - User selected: Merge feature
2025-08-03 03:14:48,784 - INFO - Application started
2025-08-03 03:15:00,202 - INFO - Valid menu choice selected: QUIT
2025-08-03 03:15:00,203 - INFO - User chose to quit application
2025-08-03 03:15:00,205 - INFO - Application shutting down
2025-08-03 03:15:33,748 - INFO - Application started
2025-08-03 03:16:00,339 - INFO - Application started
2025-08-03 03:16:04,262 - INFO - Application interrupted by user (Ctrl+C)
2025-08-03 03:16:04,263 - INFO - User chose to quit application
2025-08-03 03:16:04,265 - INFO - Application shutting down
